The system is: Darwin - 17.7.0 - x86_64
Compiling the C compiler identification source file "CMakeCCompilerId.c" succeeded.
Compiler: /Applications/Xcode.app/Contents/Developer/Toolchains/XcodeDefault.xctoolchain/usr/bin/cc 
Build flags: ;-fPIC
Id flags:  

The output was:
0


Compilation of the C compiler identification source "CMakeCCompilerId.c" produced "a.out"

The C compiler identification is AppleClang, found in "/Users/Bruno/OpenVSP-python3/OpenVSP/buildlibs/STEPCODE-prefix/src/STEPCODE-build/CMakeFiles/3.9.3/CompilerIdC/a.out"

Compiling the CXX compiler identification source file "CMakeCXXCompilerId.cpp" succeeded.
Compiler: /Applications/Xcode.app/Contents/Developer/Toolchains/XcodeDefault.xctoolchain/usr/bin/c++ 
Build flags: ;-std=c++11;-stdlib=libc++;-fPIC
Id flags:  

The output was:
0


Compilation of the CXX compiler identification source "CMakeCXXCompilerId.cpp" produced "a.out"

The CXX compiler identification is AppleClang, found in "/Users/Bruno/OpenVSP-python3/OpenVSP/buildlibs/STEPCODE-prefix/src/STEPCODE-build/CMakeFiles/3.9.3/CompilerIdCXX/a.out"

Determining if the C compiler works passed with the following output:
Change Dir: /Users/Bruno/OpenVSP-python3/OpenVSP/buildlibs/STEPCODE-prefix/src/STEPCODE-build/CMakeFiles/CMakeTmp

Run Build Command:"/usr/local/bin/gmake" "cmTC_dbe2d/fast"
gmake[3]: Entering directory '/Users/Bruno/OpenVSP-python3/OpenVSP/buildlibs/STEPCODE-prefix/src/STEPCODE-build/CMakeFiles/CMakeTmp'
/usr/local/bin/gmake -f CMakeFiles/cmTC_dbe2d.dir/build.make CMakeFiles/cmTC_dbe2d.dir/build
gmake[4]: Entering directory '/Users/Bruno/OpenVSP-python3/OpenVSP/buildlibs/STEPCODE-prefix/src/STEPCODE-build/CMakeFiles/CMakeTmp'
Building C object CMakeFiles/cmTC_dbe2d.dir/testCCompiler.c.o
/Applications/Xcode.app/Contents/Developer/Toolchains/XcodeDefault.xctoolchain/usr/bin/cc   -fPIC    -o CMakeFiles/cmTC_dbe2d.dir/testCCompiler.c.o   -c /Users/Bruno/OpenVSP-python3/OpenVSP/buildlibs/STEPCODE-prefix/src/STEPCODE-build/CMakeFiles/CMakeTmp/testCCompiler.c
Linking C executable cmTC_dbe2d
/Applications/CMake.app/Contents/bin/cmake -E cmake_link_script CMakeFiles/cmTC_dbe2d.dir/link.txt --verbose=1
/Applications/Xcode.app/Contents/Developer/Toolchains/XcodeDefault.xctoolchain/usr/bin/cc  -fPIC  -Wl,-search_paths_first -Wl,-headerpad_max_install_names   CMakeFiles/cmTC_dbe2d.dir/testCCompiler.c.o  -o cmTC_dbe2d 
gmake[4]: Leaving directory '/Users/Bruno/OpenVSP-python3/OpenVSP/buildlibs/STEPCODE-prefix/src/STEPCODE-build/CMakeFiles/CMakeTmp'
gmake[3]: Leaving directory '/Users/Bruno/OpenVSP-python3/OpenVSP/buildlibs/STEPCODE-prefix/src/STEPCODE-build/CMakeFiles/CMakeTmp'


Detecting C compiler ABI info compiled with the following output:
Change Dir: /Users/Bruno/OpenVSP-python3/OpenVSP/buildlibs/STEPCODE-prefix/src/STEPCODE-build/CMakeFiles/CMakeTmp

Run Build Command:"/usr/local/bin/gmake" "cmTC_0046d/fast"
gmake[3]: Entering directory '/Users/Bruno/OpenVSP-python3/OpenVSP/buildlibs/STEPCODE-prefix/src/STEPCODE-build/CMakeFiles/CMakeTmp'
/usr/local/bin/gmake -f CMakeFiles/cmTC_0046d.dir/build.make CMakeFiles/cmTC_0046d.dir/build
gmake[4]: Entering directory '/Users/Bruno/OpenVSP-python3/OpenVSP/buildlibs/STEPCODE-prefix/src/STEPCODE-build/CMakeFiles/CMakeTmp'
Building C object CMakeFiles/cmTC_0046d.dir/CMakeCCompilerABI.c.o
/Applications/Xcode.app/Contents/Developer/Toolchains/XcodeDefault.xctoolchain/usr/bin/cc   -fPIC    -o CMakeFiles/cmTC_0046d.dir/CMakeCCompilerABI.c.o   -c /Applications/CMake.app/Contents/share/cmake-3.9/Modules/CMakeCCompilerABI.c
Linking C executable cmTC_0046d
/Applications/CMake.app/Contents/bin/cmake -E cmake_link_script CMakeFiles/cmTC_0046d.dir/link.txt --verbose=1
/Applications/Xcode.app/Contents/Developer/Toolchains/XcodeDefault.xctoolchain/usr/bin/cc  -fPIC  -Wl,-search_paths_first -Wl,-headerpad_max_install_names  -v -Wl,-v CMakeFiles/cmTC_0046d.dir/CMakeCCompilerABI.c.o  -o cmTC_0046d 
Apple LLVM version 9.1.0 (clang-902.0.39.2)
Target: x86_64-apple-darwin17.7.0
Thread model: posix
InstalledDir: /Applications/Xcode.app/Contents/Developer/Toolchains/XcodeDefault.xctoolchain/usr/bin
 "/Applications/Xcode.app/Contents/Developer/Toolchains/XcodeDefault.xctoolchain/usr/bin/ld" -demangle -lto_library /Applications/Xcode.app/Contents/Developer/Toolchains/XcodeDefault.xctoolchain/usr/lib/libLTO.dylib -dynamic -arch x86_64 -macosx_version_min 10.13.0 -o cmTC_0046d -search_paths_first -headerpad_max_install_names -v CMakeFiles/cmTC_0046d.dir/CMakeCCompilerABI.c.o -lSystem /Applications/Xcode.app/Contents/Developer/Toolchains/XcodeDefault.xctoolchain/usr/lib/clang/9.1.0/lib/darwin/libclang_rt.osx.a
@(#)PROGRAM:ld  PROJECT:ld64-351.8
configured to support archs: armv6 armv7 armv7s arm64 i386 x86_64 x86_64h armv6m armv7k armv7m armv7em (tvOS)
Library search paths:
	/usr/lib
	/usr/local/lib
Framework search paths:
	/Library/Frameworks/
	/System/Library/Frameworks/
gmake[4]: Leaving directory '/Users/Bruno/OpenVSP-python3/OpenVSP/buildlibs/STEPCODE-prefix/src/STEPCODE-build/CMakeFiles/CMakeTmp'
gmake[3]: Leaving directory '/Users/Bruno/OpenVSP-python3/OpenVSP/buildlibs/STEPCODE-prefix/src/STEPCODE-build/CMakeFiles/CMakeTmp'


Parsed C implicit link information from above output:
  link line regex: [^( *|.*[/\])(ld|CMAKE_LINK_STARTFILE-NOTFOUND|([^/\]+-)?ld|collect2)[^/\]*( |$)]
  ignore line: [Change Dir: /Users/Bruno/OpenVSP-python3/OpenVSP/buildlibs/STEPCODE-prefix/src/STEPCODE-build/CMakeFiles/CMakeTmp]
  ignore line: []
  ignore line: [Run Build Command:"/usr/local/bin/gmake" "cmTC_0046d/fast"]
  ignore line: [gmake[3]: Entering directory '/Users/Bruno/OpenVSP-python3/OpenVSP/buildlibs/STEPCODE-prefix/src/STEPCODE-build/CMakeFiles/CMakeTmp']
  ignore line: [/usr/local/bin/gmake -f CMakeFiles/cmTC_0046d.dir/build.make CMakeFiles/cmTC_0046d.dir/build]
  ignore line: [gmake[4]: Entering directory '/Users/Bruno/OpenVSP-python3/OpenVSP/buildlibs/STEPCODE-prefix/src/STEPCODE-build/CMakeFiles/CMakeTmp']
  ignore line: [Building C object CMakeFiles/cmTC_0046d.dir/CMakeCCompilerABI.c.o]
  ignore line: [/Applications/Xcode.app/Contents/Developer/Toolchains/XcodeDefault.xctoolchain/usr/bin/cc   -fPIC    -o CMakeFiles/cmTC_0046d.dir/CMakeCCompilerABI.c.o   -c /Applications/CMake.app/Contents/share/cmake-3.9/Modules/CMakeCCompilerABI.c]
  ignore line: [Linking C executable cmTC_0046d]
  ignore line: [/Applications/CMake.app/Contents/bin/cmake -E cmake_link_script CMakeFiles/cmTC_0046d.dir/link.txt --verbose=1]
  ignore line: [/Applications/Xcode.app/Contents/Developer/Toolchains/XcodeDefault.xctoolchain/usr/bin/cc  -fPIC  -Wl,-search_paths_first -Wl,-headerpad_max_install_names  -v -Wl,-v CMakeFiles/cmTC_0046d.dir/CMakeCCompilerABI.c.o  -o cmTC_0046d ]
  ignore line: [Apple LLVM version 9.1.0 (clang-902.0.39.2)]
  ignore line: [Target: x86_64-apple-darwin17.7.0]
  ignore line: [Thread model: posix]
  ignore line: [InstalledDir: /Applications/Xcode.app/Contents/Developer/Toolchains/XcodeDefault.xctoolchain/usr/bin]
  link line: [ "/Applications/Xcode.app/Contents/Developer/Toolchains/XcodeDefault.xctoolchain/usr/bin/ld" -demangle -lto_library /Applications/Xcode.app/Contents/Developer/Toolchains/XcodeDefault.xctoolchain/usr/lib/libLTO.dylib -dynamic -arch x86_64 -macosx_version_min 10.13.0 -o cmTC_0046d -search_paths_first -headerpad_max_install_names -v CMakeFiles/cmTC_0046d.dir/CMakeCCompilerABI.c.o -lSystem /Applications/Xcode.app/Contents/Developer/Toolchains/XcodeDefault.xctoolchain/usr/lib/clang/9.1.0/lib/darwin/libclang_rt.osx.a]
    arg [/Applications/Xcode.app/Contents/Developer/Toolchains/XcodeDefault.xctoolchain/usr/bin/ld] ==> ignore
    arg [-demangle] ==> ignore
    arg [-lto_library] ==> ignore, skip following value
    arg [/Applications/Xcode.app/Contents/Developer/Toolchains/XcodeDefault.xctoolchain/usr/lib/libLTO.dylib] ==> skip value of -lto_library
    arg [-dynamic] ==> ignore
    arg [-arch] ==> ignore
    arg [x86_64] ==> ignore
    arg [-macosx_version_min] ==> ignore
    arg [10.13.0] ==> ignore
    arg [-o] ==> ignore
    arg [cmTC_0046d] ==> ignore
    arg [-search_paths_first] ==> ignore
    arg [-headerpad_max_install_names] ==> ignore
    arg [-v] ==> ignore
    arg [CMakeFiles/cmTC_0046d.dir/CMakeCCompilerABI.c.o] ==> ignore
    arg [-lSystem] ==> lib [System]
    arg [/Applications/Xcode.app/Contents/Developer/Toolchains/XcodeDefault.xctoolchain/usr/lib/clang/9.1.0/lib/darwin/libclang_rt.osx.a] ==> lib [/Applications/Xcode.app/Contents/Developer/Toolchains/XcodeDefault.xctoolchain/usr/lib/clang/9.1.0/lib/darwin/libclang_rt.osx.a]
  Library search paths: [;/usr/lib;/usr/local/lib]
  Framework search paths: [;/Library/Frameworks/;/System/Library/Frameworks/]
  remove lib [System]
  remove lib [/Applications/Xcode.app/Contents/Developer/Toolchains/XcodeDefault.xctoolchain/usr/lib/clang/9.1.0/lib/darwin/libclang_rt.osx.a]
  collapse library dir [/usr/lib] ==> [/usr/lib]
  collapse library dir [/usr/local/lib] ==> [/usr/local/lib]
  collapse framework dir [/Library/Frameworks/] ==> [/Library/Frameworks]
  collapse framework dir [/System/Library/Frameworks/] ==> [/System/Library/Frameworks]
  implicit libs: []
  implicit dirs: [/usr/lib;/usr/local/lib]
  implicit fwks: [/Library/Frameworks;/System/Library/Frameworks]




Detecting C [-std=c11] compiler features compiled with the following output:
Change Dir: /Users/Bruno/OpenVSP-python3/OpenVSP/buildlibs/STEPCODE-prefix/src/STEPCODE-build/CMakeFiles/CMakeTmp

Run Build Command:"/usr/local/bin/gmake" "cmTC_d9e28/fast"
gmake[3]: Entering directory '/Users/Bruno/OpenVSP-python3/OpenVSP/buildlibs/STEPCODE-prefix/src/STEPCODE-build/CMakeFiles/CMakeTmp'
/usr/local/bin/gmake -f CMakeFiles/cmTC_d9e28.dir/build.make CMakeFiles/cmTC_d9e28.dir/build
gmake[4]: Entering directory '/Users/Bruno/OpenVSP-python3/OpenVSP/buildlibs/STEPCODE-prefix/src/STEPCODE-build/CMakeFiles/CMakeTmp'
Building C object CMakeFiles/cmTC_d9e28.dir/feature_tests.c.o
/Applications/Xcode.app/Contents/Developer/Toolchains/XcodeDefault.xctoolchain/usr/bin/cc   -fPIC    -std=c11 -o CMakeFiles/cmTC_d9e28.dir/feature_tests.c.o   -c /Users/Bruno/OpenVSP-python3/OpenVSP/buildlibs/STEPCODE-prefix/src/STEPCODE-build/CMakeFiles/feature_tests.c
Linking C executable cmTC_d9e28
/Applications/CMake.app/Contents/bin/cmake -E cmake_link_script CMakeFiles/cmTC_d9e28.dir/link.txt --verbose=1
/Applications/Xcode.app/Contents/Developer/Toolchains/XcodeDefault.xctoolchain/usr/bin/cc  -fPIC  -Wl,-search_paths_first -Wl,-headerpad_max_install_names   CMakeFiles/cmTC_d9e28.dir/feature_tests.c.o  -o cmTC_d9e28 
gmake[4]: Leaving directory '/Users/Bruno/OpenVSP-python3/OpenVSP/buildlibs/STEPCODE-prefix/src/STEPCODE-build/CMakeFiles/CMakeTmp'
gmake[3]: Leaving directory '/Users/Bruno/OpenVSP-python3/OpenVSP/buildlibs/STEPCODE-prefix/src/STEPCODE-build/CMakeFiles/CMakeTmp'


    Feature record: C_FEATURE:1c_function_prototypes
    Feature record: C_FEATURE:1c_restrict
    Feature record: C_FEATURE:1c_static_assert
    Feature record: C_FEATURE:1c_variadic_macros


Detecting C [-std=c99] compiler features compiled with the following output:
Change Dir: /Users/Bruno/OpenVSP-python3/OpenVSP/buildlibs/STEPCODE-prefix/src/STEPCODE-build/CMakeFiles/CMakeTmp

Run Build Command:"/usr/local/bin/gmake" "cmTC_f6731/fast"
gmake[3]: Entering directory '/Users/Bruno/OpenVSP-python3/OpenVSP/buildlibs/STEPCODE-prefix/src/STEPCODE-build/CMakeFiles/CMakeTmp'
/usr/local/bin/gmake -f CMakeFiles/cmTC_f6731.dir/build.make CMakeFiles/cmTC_f6731.dir/build
gmake[4]: Entering directory '/Users/Bruno/OpenVSP-python3/OpenVSP/buildlibs/STEPCODE-prefix/src/STEPCODE-build/CMakeFiles/CMakeTmp'
Building C object CMakeFiles/cmTC_f6731.dir/feature_tests.c.o
/Applications/Xcode.app/Contents/Developer/Toolchains/XcodeDefault.xctoolchain/usr/bin/cc   -fPIC    -std=c99 -o CMakeFiles/cmTC_f6731.dir/feature_tests.c.o   -c /Users/Bruno/OpenVSP-python3/OpenVSP/buildlibs/STEPCODE-prefix/src/STEPCODE-build/CMakeFiles/feature_tests.c
Linking C executable cmTC_f6731
/Applications/CMake.app/Contents/bin/cmake -E cmake_link_script CMakeFiles/cmTC_f6731.dir/link.txt --verbose=1
/Applications/Xcode.app/Contents/Developer/Toolchains/XcodeDefault.xctoolchain/usr/bin/cc  -fPIC  -Wl,-search_paths_first -Wl,-headerpad_max_install_names   CMakeFiles/cmTC_f6731.dir/feature_tests.c.o  -o cmTC_f6731 
gmake[4]: Leaving directory '/Users/Bruno/OpenVSP-python3/OpenVSP/buildlibs/STEPCODE-prefix/src/STEPCODE-build/CMakeFiles/CMakeTmp'
gmake[3]: Leaving directory '/Users/Bruno/OpenVSP-python3/OpenVSP/buildlibs/STEPCODE-prefix/src/STEPCODE-build/CMakeFiles/CMakeTmp'


    Feature record: C_FEATURE:1c_function_prototypes
    Feature record: C_FEATURE:1c_restrict
    Feature record: C_FEATURE:0c_static_assert
    Feature record: C_FEATURE:1c_variadic_macros


Detecting C [-std=c90] compiler features compiled with the following output:
Change Dir: /Users/Bruno/OpenVSP-python3/OpenVSP/buildlibs/STEPCODE-prefix/src/STEPCODE-build/CMakeFiles/CMakeTmp

Run Build Command:"/usr/local/bin/gmake" "cmTC_2dde4/fast"
gmake[3]: Entering directory '/Users/Bruno/OpenVSP-python3/OpenVSP/buildlibs/STEPCODE-prefix/src/STEPCODE-build/CMakeFiles/CMakeTmp'
/usr/local/bin/gmake -f CMakeFiles/cmTC_2dde4.dir/build.make CMakeFiles/cmTC_2dde4.dir/build
gmake[4]: Entering directory '/Users/Bruno/OpenVSP-python3/OpenVSP/buildlibs/STEPCODE-prefix/src/STEPCODE-build/CMakeFiles/CMakeTmp'
Building C object CMakeFiles/cmTC_2dde4.dir/feature_tests.c.o
/Applications/Xcode.app/Contents/Developer/Toolchains/XcodeDefault.xctoolchain/usr/bin/cc   -fPIC    -std=c90 -o CMakeFiles/cmTC_2dde4.dir/feature_tests.c.o   -c /Users/Bruno/OpenVSP-python3/OpenVSP/buildlibs/STEPCODE-prefix/src/STEPCODE-build/CMakeFiles/feature_tests.c
Linking C executable cmTC_2dde4
/Applications/CMake.app/Contents/bin/cmake -E cmake_link_script CMakeFiles/cmTC_2dde4.dir/link.txt --verbose=1
/Applications/Xcode.app/Contents/Developer/Toolchains/XcodeDefault.xctoolchain/usr/bin/cc  -fPIC  -Wl,-search_paths_first -Wl,-headerpad_max_install_names   CMakeFiles/cmTC_2dde4.dir/feature_tests.c.o  -o cmTC_2dde4 
gmake[4]: Leaving directory '/Users/Bruno/OpenVSP-python3/OpenVSP/buildlibs/STEPCODE-prefix/src/STEPCODE-build/CMakeFiles/CMakeTmp'
gmake[3]: Leaving directory '/Users/Bruno/OpenVSP-python3/OpenVSP/buildlibs/STEPCODE-prefix/src/STEPCODE-build/CMakeFiles/CMakeTmp'


    Feature record: C_FEATURE:1c_function_prototypes
    Feature record: C_FEATURE:0c_restrict
    Feature record: C_FEATURE:0c_static_assert
    Feature record: C_FEATURE:0c_variadic_macros
Determining if the CXX compiler works passed with the following output:
Change Dir: /Users/Bruno/OpenVSP-python3/OpenVSP/buildlibs/STEPCODE-prefix/src/STEPCODE-build/CMakeFiles/CMakeTmp

Run Build Command:"/usr/local/bin/gmake" "cmTC_ce05e/fast"
gmake[3]: Entering directory '/Users/Bruno/OpenVSP-python3/OpenVSP/buildlibs/STEPCODE-prefix/src/STEPCODE-build/CMakeFiles/CMakeTmp'
/usr/local/bin/gmake -f CMakeFiles/cmTC_ce05e.dir/build.make CMakeFiles/cmTC_ce05e.dir/build
gmake[4]: Entering directory '/Users/Bruno/OpenVSP-python3/OpenVSP/buildlibs/STEPCODE-prefix/src/STEPCODE-build/CMakeFiles/CMakeTmp'
Building CXX object CMakeFiles/cmTC_ce05e.dir/testCXXCompiler.cxx.o
/Applications/Xcode.app/Contents/Developer/Toolchains/XcodeDefault.xctoolchain/usr/bin/c++    -std=c++11 -stdlib=libc++ -fPIC    -o CMakeFiles/cmTC_ce05e.dir/testCXXCompiler.cxx.o -c /Users/Bruno/OpenVSP-python3/OpenVSP/buildlibs/STEPCODE-prefix/src/STEPCODE-build/CMakeFiles/CMakeTmp/testCXXCompiler.cxx
Linking CXX executable cmTC_ce05e
/Applications/CMake.app/Contents/bin/cmake -E cmake_link_script CMakeFiles/cmTC_ce05e.dir/link.txt --verbose=1
/Applications/Xcode.app/Contents/Developer/Toolchains/XcodeDefault.xctoolchain/usr/bin/c++   -std=c++11 -stdlib=libc++ -fPIC  -Wl,-search_paths_first -Wl,-headerpad_max_install_names   CMakeFiles/cmTC_ce05e.dir/testCXXCompiler.cxx.o  -o cmTC_ce05e 
gmake[4]: Leaving directory '/Users/Bruno/OpenVSP-python3/OpenVSP/buildlibs/STEPCODE-prefix/src/STEPCODE-build/CMakeFiles/CMakeTmp'
gmake[3]: Leaving directory '/Users/Bruno/OpenVSP-python3/OpenVSP/buildlibs/STEPCODE-prefix/src/STEPCODE-build/CMakeFiles/CMakeTmp'


Detecting CXX compiler ABI info compiled with the following output:
Change Dir: /Users/Bruno/OpenVSP-python3/OpenVSP/buildlibs/STEPCODE-prefix/src/STEPCODE-build/CMakeFiles/CMakeTmp

Run Build Command:"/usr/local/bin/gmake" "cmTC_e6070/fast"
gmake[3]: Entering directory '/Users/Bruno/OpenVSP-python3/OpenVSP/buildlibs/STEPCODE-prefix/src/STEPCODE-build/CMakeFiles/CMakeTmp'
/usr/local/bin/gmake -f CMakeFiles/cmTC_e6070.dir/build.make CMakeFiles/cmTC_e6070.dir/build
gmake[4]: Entering directory '/Users/Bruno/OpenVSP-python3/OpenVSP/buildlibs/STEPCODE-prefix/src/STEPCODE-build/CMakeFiles/CMakeTmp'
Building CXX object CMakeFiles/cmTC_e6070.dir/CMakeCXXCompilerABI.cpp.o
/Applications/Xcode.app/Contents/Developer/Toolchains/XcodeDefault.xctoolchain/usr/bin/c++    -std=c++11 -stdlib=libc++ -fPIC    -o CMakeFiles/cmTC_e6070.dir/CMakeCXXCompilerABI.cpp.o -c /Applications/CMake.app/Contents/share/cmake-3.9/Modules/CMakeCXXCompilerABI.cpp
Linking CXX executable cmTC_e6070
/Applications/CMake.app/Contents/bin/cmake -E cmake_link_script CMakeFiles/cmTC_e6070.dir/link.txt --verbose=1
/Applications/Xcode.app/Contents/Developer/Toolchains/XcodeDefault.xctoolchain/usr/bin/c++   -std=c++11 -stdlib=libc++ -fPIC  -Wl,-search_paths_first -Wl,-headerpad_max_install_names  -v -Wl,-v CMakeFiles/cmTC_e6070.dir/CMakeCXXCompilerABI.cpp.o  -o cmTC_e6070 
Apple LLVM version 9.1.0 (clang-902.0.39.2)
Target: x86_64-apple-darwin17.7.0
Thread model: posix
InstalledDir: /Applications/Xcode.app/Contents/Developer/Toolchains/XcodeDefault.xctoolchain/usr/bin
 "/Applications/Xcode.app/Contents/Developer/Toolchains/XcodeDefault.xctoolchain/usr/bin/ld" -demangle -lto_library /Applications/Xcode.app/Contents/Developer/Toolchains/XcodeDefault.xctoolchain/usr/lib/libLTO.dylib -dynamic -arch x86_64 -macosx_version_min 10.13.0 -o cmTC_e6070 -search_paths_first -headerpad_max_install_names -v CMakeFiles/cmTC_e6070.dir/CMakeCXXCompilerABI.cpp.o -lc++ -lSystem /Applications/Xcode.app/Contents/Developer/Toolchains/XcodeDefault.xctoolchain/usr/lib/clang/9.1.0/lib/darwin/libclang_rt.osx.a
@(#)PROGRAM:ld  PROJECT:ld64-351.8
configured to support archs: armv6 armv7 armv7s arm64 i386 x86_64 x86_64h armv6m armv7k armv7m armv7em (tvOS)
Library search paths:
	/usr/lib
	/usr/local/lib
Framework search paths:
	/Library/Frameworks/
	/System/Library/Frameworks/
gmake[4]: Leaving directory '/Users/Bruno/OpenVSP-python3/OpenVSP/buildlibs/STEPCODE-prefix/src/STEPCODE-build/CMakeFiles/CMakeTmp'
gmake[3]: Leaving directory '/Users/Bruno/OpenVSP-python3/OpenVSP/buildlibs/STEPCODE-prefix/src/STEPCODE-build/CMakeFiles/CMakeTmp'


Parsed CXX implicit link information from above output:
  link line regex: [^( *|.*[/\])(ld|CMAKE_LINK_STARTFILE-NOTFOUND|([^/\]+-)?ld|collect2)[^/\]*( |$)]
  ignore line: [Change Dir: /Users/Bruno/OpenVSP-python3/OpenVSP/buildlibs/STEPCODE-prefix/src/STEPCODE-build/CMakeFiles/CMakeTmp]
  ignore line: []
  ignore line: [Run Build Command:"/usr/local/bin/gmake" "cmTC_e6070/fast"]
  ignore line: [gmake[3]: Entering directory '/Users/Bruno/OpenVSP-python3/OpenVSP/buildlibs/STEPCODE-prefix/src/STEPCODE-build/CMakeFiles/CMakeTmp']
  ignore line: [/usr/local/bin/gmake -f CMakeFiles/cmTC_e6070.dir/build.make CMakeFiles/cmTC_e6070.dir/build]
  ignore line: [gmake[4]: Entering directory '/Users/Bruno/OpenVSP-python3/OpenVSP/buildlibs/STEPCODE-prefix/src/STEPCODE-build/CMakeFiles/CMakeTmp']
  ignore line: [Building CXX object CMakeFiles/cmTC_e6070.dir/CMakeCXXCompilerABI.cpp.o]
  ignore line: [/Applications/Xcode.app/Contents/Developer/Toolchains/XcodeDefault.xctoolchain/usr/bin/c++    -std=c++11 -stdlib=libc++ -fPIC    -o CMakeFiles/cmTC_e6070.dir/CMakeCXXCompilerABI.cpp.o -c /Applications/CMake.app/Contents/share/cmake-3.9/Modules/CMakeCXXCompilerABI.cpp]
  ignore line: [Linking CXX executable cmTC_e6070]
  ignore line: [/Applications/CMake.app/Contents/bin/cmake -E cmake_link_script CMakeFiles/cmTC_e6070.dir/link.txt --verbose=1]
  ignore line: [/Applications/Xcode.app/Contents/Developer/Toolchains/XcodeDefault.xctoolchain/usr/bin/c++   -std=c++11 -stdlib=libc++ -fPIC  -Wl,-search_paths_first -Wl,-headerpad_max_install_names  -v -Wl,-v CMakeFiles/cmTC_e6070.dir/CMakeCXXCompilerABI.cpp.o  -o cmTC_e6070 ]
  ignore line: [Apple LLVM version 9.1.0 (clang-902.0.39.2)]
  ignore line: [Target: x86_64-apple-darwin17.7.0]
  ignore line: [Thread model: posix]
  ignore line: [InstalledDir: /Applications/Xcode.app/Contents/Developer/Toolchains/XcodeDefault.xctoolchain/usr/bin]
  link line: [ "/Applications/Xcode.app/Contents/Developer/Toolchains/XcodeDefault.xctoolchain/usr/bin/ld" -demangle -lto_library /Applications/Xcode.app/Contents/Developer/Toolchains/XcodeDefault.xctoolchain/usr/lib/libLTO.dylib -dynamic -arch x86_64 -macosx_version_min 10.13.0 -o cmTC_e6070 -search_paths_first -headerpad_max_install_names -v CMakeFiles/cmTC_e6070.dir/CMakeCXXCompilerABI.cpp.o -lc++ -lSystem /Applications/Xcode.app/Contents/Developer/Toolchains/XcodeDefault.xctoolchain/usr/lib/clang/9.1.0/lib/darwin/libclang_rt.osx.a]
    arg [/Applications/Xcode.app/Contents/Developer/Toolchains/XcodeDefault.xctoolchain/usr/bin/ld] ==> ignore
    arg [-demangle] ==> ignore
    arg [-lto_library] ==> ignore, skip following value
    arg [/Applications/Xcode.app/Contents/Developer/Toolchains/XcodeDefault.xctoolchain/usr/lib/libLTO.dylib] ==> skip value of -lto_library
    arg [-dynamic] ==> ignore
    arg [-arch] ==> ignore
    arg [x86_64] ==> ignore
    arg [-macosx_version_min] ==> ignore
    arg [10.13.0] ==> ignore
    arg [-o] ==> ignore
    arg [cmTC_e6070] ==> ignore
    arg [-search_paths_first] ==> ignore
    arg [-headerpad_max_install_names] ==> ignore
    arg [-v] ==> ignore
    arg [CMakeFiles/cmTC_e6070.dir/CMakeCXXCompilerABI.cpp.o] ==> ignore
    arg [-lc++] ==> lib [c++]
    arg [-lSystem] ==> lib [System]
    arg [/Applications/Xcode.app/Contents/Developer/Toolchains/XcodeDefault.xctoolchain/usr/lib/clang/9.1.0/lib/darwin/libclang_rt.osx.a] ==> lib [/Applications/Xcode.app/Contents/Developer/Toolchains/XcodeDefault.xctoolchain/usr/lib/clang/9.1.0/lib/darwin/libclang_rt.osx.a]
  Library search paths: [;/usr/lib;/usr/local/lib]
  Framework search paths: [;/Library/Frameworks/;/System/Library/Frameworks/]
  remove lib [System]
  remove lib [/Applications/Xcode.app/Contents/Developer/Toolchains/XcodeDefault.xctoolchain/usr/lib/clang/9.1.0/lib/darwin/libclang_rt.osx.a]
  collapse library dir [/usr/lib] ==> [/usr/lib]
  collapse library dir [/usr/local/lib] ==> [/usr/local/lib]
  collapse framework dir [/Library/Frameworks/] ==> [/Library/Frameworks]
  collapse framework dir [/System/Library/Frameworks/] ==> [/System/Library/Frameworks]
  implicit libs: [c++]
  implicit dirs: [/usr/lib;/usr/local/lib]
  implicit fwks: [/Library/Frameworks;/System/Library/Frameworks]




Detecting CXX [-std=c++1z] compiler features compiled with the following output:
Change Dir: /Users/Bruno/OpenVSP-python3/OpenVSP/buildlibs/STEPCODE-prefix/src/STEPCODE-build/CMakeFiles/CMakeTmp

Run Build Command:"/usr/local/bin/gmake" "cmTC_a055a/fast"
gmake[3]: Entering directory '/Users/Bruno/OpenVSP-python3/OpenVSP/buildlibs/STEPCODE-prefix/src/STEPCODE-build/CMakeFiles/CMakeTmp'
/usr/local/bin/gmake -f CMakeFiles/cmTC_a055a.dir/build.make CMakeFiles/cmTC_a055a.dir/build
gmake[4]: Entering directory '/Users/Bruno/OpenVSP-python3/OpenVSP/buildlibs/STEPCODE-prefix/src/STEPCODE-build/CMakeFiles/CMakeTmp'
Building CXX object CMakeFiles/cmTC_a055a.dir/feature_tests.cxx.o
/Applications/Xcode.app/Contents/Developer/Toolchains/XcodeDefault.xctoolchain/usr/bin/c++    -std=c++11 -stdlib=libc++ -fPIC    -std=c++1z -o CMakeFiles/cmTC_a055a.dir/feature_tests.cxx.o -c /Users/Bruno/OpenVSP-python3/OpenVSP/buildlibs/STEPCODE-prefix/src/STEPCODE-build/CMakeFiles/feature_tests.cxx
Linking CXX executable cmTC_a055a
/Applications/CMake.app/Contents/bin/cmake -E cmake_link_script CMakeFiles/cmTC_a055a.dir/link.txt --verbose=1
/Applications/Xcode.app/Contents/Developer/Toolchains/XcodeDefault.xctoolchain/usr/bin/c++   -std=c++11 -stdlib=libc++ -fPIC  -Wl,-search_paths_first -Wl,-headerpad_max_install_names   CMakeFiles/cmTC_a055a.dir/feature_tests.cxx.o  -o cmTC_a055a 
gmake[4]: Leaving directory '/Users/Bruno/OpenVSP-python3/OpenVSP/buildlibs/STEPCODE-prefix/src/STEPCODE-build/CMakeFiles/CMakeTmp'
gmake[3]: Leaving directory '/Users/Bruno/OpenVSP-python3/OpenVSP/buildlibs/STEPCODE-prefix/src/STEPCODE-build/CMakeFiles/CMakeTmp'


    Feature record: CXX_FEATURE:1cxx_aggregate_default_initializers
    Feature record: CXX_FEATURE:1cxx_alias_templates
    Feature record: CXX_FEATURE:1cxx_alignas
    Feature record: CXX_FEATURE:1cxx_alignof
    Feature record: CXX_FEATURE:1cxx_attributes
    Feature record: CXX_FEATURE:1cxx_attribute_deprecated
    Feature record: CXX_FEATURE:1cxx_auto_type
    Feature record: CXX_FEATURE:1cxx_binary_literals
    Feature record: CXX_FEATURE:1cxx_constexpr
    Feature record: CXX_FEATURE:1cxx_contextual_conversions
    Feature record: CXX_FEATURE:1cxx_decltype
    Feature record: CXX_FEATURE:1cxx_decltype_auto
    Feature record: CXX_FEATURE:1cxx_decltype_incomplete_return_types
    Feature record: CXX_FEATURE:1cxx_default_function_template_args
    Feature record: CXX_FEATURE:1cxx_defaulted_functions
    Feature record: CXX_FEATURE:1cxx_defaulted_move_initializers
    Feature record: CXX_FEATURE:1cxx_delegating_constructors
    Feature record: CXX_FEATURE:1cxx_deleted_functions
    Feature record: CXX_FEATURE:1cxx_digit_separators
    Feature record: CXX_FEATURE:1cxx_enum_forward_declarations
    Feature record: CXX_FEATURE:1cxx_explicit_conversions
    Feature record: CXX_FEATURE:1cxx_extended_friend_declarations
    Feature record: CXX_FEATURE:1cxx_extern_templates
    Feature record: CXX_FEATURE:1cxx_final
    Feature record: CXX_FEATURE:1cxx_func_identifier
    Feature record: CXX_FEATURE:1cxx_generalized_initializers
    Feature record: CXX_FEATURE:1cxx_generic_lambdas
    Feature record: CXX_FEATURE:1cxx_inheriting_constructors
    Feature record: CXX_FEATURE:1cxx_inline_namespaces
    Feature record: CXX_FEATURE:1cxx_lambdas
    Feature record: CXX_FEATURE:1cxx_lambda_init_captures
    Feature record: CXX_FEATURE:1cxx_local_type_template_args
    Feature record: CXX_FEATURE:1cxx_long_long_type
    Feature record: CXX_FEATURE:1cxx_noexcept
    Feature record: CXX_FEATURE:1cxx_nonstatic_member_init
    Feature record: CXX_FEATURE:1cxx_nullptr
    Feature record: CXX_FEATURE:1cxx_override
    Feature record: CXX_FEATURE:1cxx_range_for
    Feature record: CXX_FEATURE:1cxx_raw_string_literals
    Feature record: CXX_FEATURE:1cxx_reference_qualified_functions
    Feature record: CXX_FEATURE:1cxx_relaxed_constexpr
    Feature record: CXX_FEATURE:1cxx_return_type_deduction
    Feature record: CXX_FEATURE:1cxx_right_angle_brackets
    Feature record: CXX_FEATURE:1cxx_rvalue_references
    Feature record: CXX_FEATURE:1cxx_sizeof_member
    Feature record: CXX_FEATURE:1cxx_static_assert
    Feature record: CXX_FEATURE:1cxx_strong_enums
    Feature record: CXX_FEATURE:1cxx_template_template_parameters
    Feature record: CXX_FEATURE:1cxx_thread_local
    Feature record: CXX_FEATURE:1cxx_trailing_return_types
    Feature record: CXX_FEATURE:1cxx_unicode_literals
    Feature record: CXX_FEATURE:1cxx_uniform_initialization
    Feature record: CXX_FEATURE:1cxx_unrestricted_unions
    Feature record: CXX_FEATURE:1cxx_user_literals
    Feature record: CXX_FEATURE:1cxx_variable_templates
    Feature record: CXX_FEATURE:1cxx_variadic_macros
    Feature record: CXX_FEATURE:1cxx_variadic_templates


Detecting CXX [-std=c++14] compiler features compiled with the following output:
Change Dir: /Users/Bruno/OpenVSP-python3/OpenVSP/buildlibs/STEPCODE-prefix/src/STEPCODE-build/CMakeFiles/CMakeTmp

Run Build Command:"/usr/local/bin/gmake" "cmTC_d01e2/fast"
gmake[3]: Entering directory '/Users/Bruno/OpenVSP-python3/OpenVSP/buildlibs/STEPCODE-prefix/src/STEPCODE-build/CMakeFiles/CMakeTmp'
/usr/local/bin/gmake -f CMakeFiles/cmTC_d01e2.dir/build.make CMakeFiles/cmTC_d01e2.dir/build
gmake[4]: Entering directory '/Users/Bruno/OpenVSP-python3/OpenVSP/buildlibs/STEPCODE-prefix/src/STEPCODE-build/CMakeFiles/CMakeTmp'
Building CXX object CMakeFiles/cmTC_d01e2.dir/feature_tests.cxx.o
/Applications/Xcode.app/Contents/Developer/Toolchains/XcodeDefault.xctoolchain/usr/bin/c++    -std=c++11 -stdlib=libc++ -fPIC    -std=c++14 -o CMakeFiles/cmTC_d01e2.dir/feature_tests.cxx.o -c /Users/Bruno/OpenVSP-python3/OpenVSP/buildlibs/STEPCODE-prefix/src/STEPCODE-build/CMakeFiles/feature_tests.cxx
Linking CXX executable cmTC_d01e2
/Applications/CMake.app/Contents/bin/cmake -E cmake_link_script CMakeFiles/cmTC_d01e2.dir/link.txt --verbose=1
/Applications/Xcode.app/Contents/Developer/Toolchains/XcodeDefault.xctoolchain/usr/bin/c++   -std=c++11 -stdlib=libc++ -fPIC  -Wl,-search_paths_first -Wl,-headerpad_max_install_names   CMakeFiles/cmTC_d01e2.dir/feature_tests.cxx.o  -o cmTC_d01e2 
gmake[4]: Leaving directory '/Users/Bruno/OpenVSP-python3/OpenVSP/buildlibs/STEPCODE-prefix/src/STEPCODE-build/CMakeFiles/CMakeTmp'
gmake[3]: Leaving directory '/Users/Bruno/OpenVSP-python3/OpenVSP/buildlibs/STEPCODE-prefix/src/STEPCODE-build/CMakeFiles/CMakeTmp'


    Feature record: CXX_FEATURE:1cxx_aggregate_default_initializers
    Feature record: CXX_FEATURE:1cxx_alias_templates
    Feature record: CXX_FEATURE:1cxx_alignas
    Feature record: CXX_FEATURE:1cxx_alignof
    Feature record: CXX_FEATURE:1cxx_attributes
    Feature record: CXX_FEATURE:1cxx_attribute_deprecated
    Feature record: CXX_FEATURE:1cxx_auto_type
    Feature record: CXX_FEATURE:1cxx_binary_literals
    Feature record: CXX_FEATURE:1cxx_constexpr
    Feature record: CXX_FEATURE:1cxx_contextual_conversions
    Feature record: CXX_FEATURE:1cxx_decltype
    Feature record: CXX_FEATURE:1cxx_decltype_auto
    Feature record: CXX_FEATURE:1cxx_decltype_incomplete_return_types
    Feature record: CXX_FEATURE:1cxx_default_function_template_args
    Feature record: CXX_FEATURE:1cxx_defaulted_functions
    Feature record: CXX_FEATURE:1cxx_defaulted_move_initializers
    Feature record: CXX_FEATURE:1cxx_delegating_constructors
    Feature record: CXX_FEATURE:1cxx_deleted_functions
    Feature record: CXX_FEATURE:1cxx_digit_separators
    Feature record: CXX_FEATURE:1cxx_enum_forward_declarations
    Feature record: CXX_FEATURE:1cxx_explicit_conversions
    Feature record: CXX_FEATURE:1cxx_extended_friend_declarations
    Feature record: CXX_FEATURE:1cxx_extern_templates
    Feature record: CXX_FEATURE:1cxx_final
    Feature record: CXX_FEATURE:1cxx_func_identifier
    Feature record: CXX_FEATURE:1cxx_generalized_initializers
    Feature record: CXX_FEATURE:1cxx_generic_lambdas
    Feature record: CXX_FEATURE:1cxx_inheriting_constructors
    Feature record: CXX_FEATURE:1cxx_inline_namespaces
    Feature record: CXX_FEATURE:1cxx_lambdas
    Feature record: CXX_FEATURE:1cxx_lambda_init_captures
    Feature record: CXX_FEATURE:1cxx_local_type_template_args
    Feature record: CXX_FEATURE:1cxx_long_long_type
    Feature record: CXX_FEATURE:1cxx_noexcept
    Feature record: CXX_FEATURE:1cxx_nonstatic_member_init
    Feature record: CXX_FEATURE:1cxx_nullptr
    Feature record: CXX_FEATURE:1cxx_override
    Feature record: CXX_FEATURE:1cxx_range_for
    Feature record: CXX_FEATURE:1cxx_raw_string_literals
    Feature record: CXX_FEATURE:1cxx_reference_qualified_functions
    Feature record: CXX_FEATURE:1cxx_relaxed_constexpr
    Feature record: CXX_FEATURE:1cxx_return_type_deduction
    Feature record: CXX_FEATURE:1cxx_right_angle_brackets
    Feature record: CXX_FEATURE:1cxx_rvalue_references
    Feature record: CXX_FEATURE:1cxx_sizeof_member
    Feature record: CXX_FEATURE:1cxx_static_assert
    Feature record: CXX_FEATURE:1cxx_strong_enums
    Feature record: CXX_FEATURE:1cxx_template_template_parameters
    Feature record: CXX_FEATURE:1cxx_thread_local
    Feature record: CXX_FEATURE:1cxx_trailing_return_types
    Feature record: CXX_FEATURE:1cxx_unicode_literals
    Feature record: CXX_FEATURE:1cxx_uniform_initialization
    Feature record: CXX_FEATURE:1cxx_unrestricted_unions
    Feature record: CXX_FEATURE:1cxx_user_literals
    Feature record: CXX_FEATURE:1cxx_variable_templates
    Feature record: CXX_FEATURE:1cxx_variadic_macros
    Feature record: CXX_FEATURE:1cxx_variadic_templates


Detecting CXX [-std=c++11] compiler features compiled with the following output:
Change Dir: /Users/Bruno/OpenVSP-python3/OpenVSP/buildlibs/STEPCODE-prefix/src/STEPCODE-build/CMakeFiles/CMakeTmp

Run Build Command:"/usr/local/bin/gmake" "cmTC_a687b/fast"
gmake[3]: Entering directory '/Users/Bruno/OpenVSP-python3/OpenVSP/buildlibs/STEPCODE-prefix/src/STEPCODE-build/CMakeFiles/CMakeTmp'
/usr/local/bin/gmake -f CMakeFiles/cmTC_a687b.dir/build.make CMakeFiles/cmTC_a687b.dir/build
gmake[4]: Entering directory '/Users/Bruno/OpenVSP-python3/OpenVSP/buildlibs/STEPCODE-prefix/src/STEPCODE-build/CMakeFiles/CMakeTmp'
Building CXX object CMakeFiles/cmTC_a687b.dir/feature_tests.cxx.o
/Applications/Xcode.app/Contents/Developer/Toolchains/XcodeDefault.xctoolchain/usr/bin/c++    -std=c++11 -stdlib=libc++ -fPIC    -std=c++11 -o CMakeFiles/cmTC_a687b.dir/feature_tests.cxx.o -c /Users/Bruno/OpenVSP-python3/OpenVSP/buildlibs/STEPCODE-prefix/src/STEPCODE-build/CMakeFiles/feature_tests.cxx
Linking CXX executable cmTC_a687b
/Applications/CMake.app/Contents/bin/cmake -E cmake_link_script CMakeFiles/cmTC_a687b.dir/link.txt --verbose=1
/Applications/Xcode.app/Contents/Developer/Toolchains/XcodeDefault.xctoolchain/usr/bin/c++   -std=c++11 -stdlib=libc++ -fPIC  -Wl,-search_paths_first -Wl,-headerpad_max_install_names   CMakeFiles/cmTC_a687b.dir/feature_tests.cxx.o  -o cmTC_a687b 
gmake[4]: Leaving directory '/Users/Bruno/OpenVSP-python3/OpenVSP/buildlibs/STEPCODE-prefix/src/STEPCODE-build/CMakeFiles/CMakeTmp'
gmake[3]: Leaving directory '/Users/Bruno/OpenVSP-python3/OpenVSP/buildlibs/STEPCODE-prefix/src/STEPCODE-build/CMakeFiles/CMakeTmp'


    Feature record: CXX_FEATURE:0cxx_aggregate_default_initializers
    Feature record: CXX_FEATURE:1cxx_alias_templates
    Feature record: CXX_FEATURE:1cxx_alignas
    Feature record: CXX_FEATURE:1cxx_alignof
    Feature record: CXX_FEATURE:1cxx_attributes
    Feature record: CXX_FEATURE:0cxx_attribute_deprecated
    Feature record: CXX_FEATURE:1cxx_auto_type
    Feature record: CXX_FEATURE:0cxx_binary_literals
    Feature record: CXX_FEATURE:1cxx_constexpr
    Feature record: CXX_FEATURE:0cxx_contextual_conversions
    Feature record: CXX_FEATURE:1cxx_decltype
    Feature record: CXX_FEATURE:0cxx_decltype_auto
    Feature record: CXX_FEATURE:1cxx_decltype_incomplete_return_types
    Feature record: CXX_FEATURE:1cxx_default_function_template_args
    Feature record: CXX_FEATURE:1cxx_defaulted_functions
    Feature record: CXX_FEATURE:1cxx_defaulted_move_initializers
    Feature record: CXX_FEATURE:1cxx_delegating_constructors
    Feature record: CXX_FEATURE:1cxx_deleted_functions
    Feature record: CXX_FEATURE:0cxx_digit_separators
    Feature record: CXX_FEATURE:1cxx_enum_forward_declarations
    Feature record: CXX_FEATURE:1cxx_explicit_conversions
    Feature record: CXX_FEATURE:1cxx_extended_friend_declarations
    Feature record: CXX_FEATURE:1cxx_extern_templates
    Feature record: CXX_FEATURE:1cxx_final
    Feature record: CXX_FEATURE:1cxx_func_identifier
    Feature record: CXX_FEATURE:1cxx_generalized_initializers
    Feature record: CXX_FEATURE:0cxx_generic_lambdas
    Feature record: CXX_FEATURE:1cxx_inheriting_constructors
    Feature record: CXX_FEATURE:1cxx_inline_namespaces
    Feature record: CXX_FEATURE:1cxx_lambdas
    Feature record: CXX_FEATURE:0cxx_lambda_init_captures
    Feature record: CXX_FEATURE:1cxx_local_type_template_args
    Feature record: CXX_FEATURE:1cxx_long_long_type
    Feature record: CXX_FEATURE:1cxx_noexcept
    Feature record: CXX_FEATURE:1cxx_nonstatic_member_init
    Feature record: CXX_FEATURE:1cxx_nullptr
    Feature record: CXX_FEATURE:1cxx_override
    Feature record: CXX_FEATURE:1cxx_range_for
    Feature record: CXX_FEATURE:1cxx_raw_string_literals
    Feature record: CXX_FEATURE:1cxx_reference_qualified_functions
    Feature record: CXX_FEATURE:0cxx_relaxed_constexpr
    Feature record: CXX_FEATURE:0cxx_return_type_deduction
    Feature record: CXX_FEATURE:1cxx_right_angle_brackets
    Feature record: CXX_FEATURE:1cxx_rvalue_references
    Feature record: CXX_FEATURE:1cxx_sizeof_member
    Feature record: CXX_FEATURE:1cxx_static_assert
    Feature record: CXX_FEATURE:1cxx_strong_enums
    Feature record: CXX_FEATURE:1cxx_template_template_parameters
    Feature record: CXX_FEATURE:1cxx_thread_local
    Feature record: CXX_FEATURE:1cxx_trailing_return_types
    Feature record: CXX_FEATURE:1cxx_unicode_literals
    Feature record: CXX_FEATURE:1cxx_uniform_initialization
    Feature record: CXX_FEATURE:1cxx_unrestricted_unions
    Feature record: CXX_FEATURE:1cxx_user_literals
    Feature record: CXX_FEATURE:0cxx_variable_templates
    Feature record: CXX_FEATURE:1cxx_variadic_macros
    Feature record: CXX_FEATURE:1cxx_variadic_templates


Detecting CXX [-std=c++98] compiler features compiled with the following output:
Change Dir: /Users/Bruno/OpenVSP-python3/OpenVSP/buildlibs/STEPCODE-prefix/src/STEPCODE-build/CMakeFiles/CMakeTmp

Run Build Command:"/usr/local/bin/gmake" "cmTC_4da4c/fast"
gmake[3]: Entering directory '/Users/Bruno/OpenVSP-python3/OpenVSP/buildlibs/STEPCODE-prefix/src/STEPCODE-build/CMakeFiles/CMakeTmp'
/usr/local/bin/gmake -f CMakeFiles/cmTC_4da4c.dir/build.make CMakeFiles/cmTC_4da4c.dir/build
gmake[4]: Entering directory '/Users/Bruno/OpenVSP-python3/OpenVSP/buildlibs/STEPCODE-prefix/src/STEPCODE-build/CMakeFiles/CMakeTmp'
Building CXX object CMakeFiles/cmTC_4da4c.dir/feature_tests.cxx.o
/Applications/Xcode.app/Contents/Developer/Toolchains/XcodeDefault.xctoolchain/usr/bin/c++    -std=c++11 -stdlib=libc++ -fPIC    -std=c++98 -o CMakeFiles/cmTC_4da4c.dir/feature_tests.cxx.o -c /Users/Bruno/OpenVSP-python3/OpenVSP/buildlibs/STEPCODE-prefix/src/STEPCODE-build/CMakeFiles/feature_tests.cxx
Linking CXX executable cmTC_4da4c
/Applications/CMake.app/Contents/bin/cmake -E cmake_link_script CMakeFiles/cmTC_4da4c.dir/link.txt --verbose=1
/Applications/Xcode.app/Contents/Developer/Toolchains/XcodeDefault.xctoolchain/usr/bin/c++   -std=c++11 -stdlib=libc++ -fPIC  -Wl,-search_paths_first -Wl,-headerpad_max_install_names   CMakeFiles/cmTC_4da4c.dir/feature_tests.cxx.o  -o cmTC_4da4c 
gmake[4]: Leaving directory '/Users/Bruno/OpenVSP-python3/OpenVSP/buildlibs/STEPCODE-prefix/src/STEPCODE-build/CMakeFiles/CMakeTmp'
gmake[3]: Leaving directory '/Users/Bruno/OpenVSP-python3/OpenVSP/buildlibs/STEPCODE-prefix/src/STEPCODE-build/CMakeFiles/CMakeTmp'


    Feature record: CXX_FEATURE:0cxx_aggregate_default_initializers
    Feature record: CXX_FEATURE:0cxx_alias_templates
    Feature record: CXX_FEATURE:0cxx_alignas
    Feature record: CXX_FEATURE:0cxx_alignof
    Feature record: CXX_FEATURE:0cxx_attributes
    Feature record: CXX_FEATURE:0cxx_attribute_deprecated
    Feature record: CXX_FEATURE:0cxx_auto_type
    Feature record: CXX_FEATURE:0cxx_binary_literals
    Feature record: CXX_FEATURE:0cxx_constexpr
    Feature record: CXX_FEATURE:0cxx_contextual_conversions
    Feature record: CXX_FEATURE:0cxx_decltype
    Feature record: CXX_FEATURE:0cxx_decltype_auto
    Feature record: CXX_FEATURE:0cxx_decltype_incomplete_return_types
    Feature record: CXX_FEATURE:0cxx_default_function_template_args
    Feature record: CXX_FEATURE:0cxx_defaulted_functions
    Feature record: CXX_FEATURE:0cxx_defaulted_move_initializers
    Feature record: CXX_FEATURE:0cxx_delegating_constructors
    Feature record: CXX_FEATURE:0cxx_deleted_functions
    Feature record: CXX_FEATURE:0cxx_digit_separators
    Feature record: CXX_FEATURE:0cxx_enum_forward_declarations
    Feature record: CXX_FEATURE:0cxx_explicit_conversions
    Feature record: CXX_FEATURE:0cxx_extended_friend_declarations
    Feature record: CXX_FEATURE:0cxx_extern_templates
    Feature record: CXX_FEATURE:0cxx_final
    Feature record: CXX_FEATURE:0cxx_func_identifier
    Feature record: CXX_FEATURE:0cxx_generalized_initializers
    Feature record: CXX_FEATURE:0cxx_generic_lambdas
    Feature record: CXX_FEATURE:0cxx_inheriting_constructors
    Feature record: CXX_FEATURE:0cxx_inline_namespaces
    Feature record: CXX_FEATURE:0cxx_lambdas
    Feature record: CXX_FEATURE:0cxx_lambda_init_captures
    Feature record: CXX_FEATURE:0cxx_local_type_template_args
    Feature record: CXX_FEATURE:0cxx_long_long_type
    Feature record: CXX_FEATURE:0cxx_noexcept
    Feature record: CXX_FEATURE:0cxx_nonstatic_member_init
    Feature record: CXX_FEATURE:0cxx_nullptr
    Feature record: CXX_FEATURE:0cxx_override
    Feature record: CXX_FEATURE:0cxx_range_for
    Feature record: CXX_FEATURE:0cxx_raw_string_literals
    Feature record: CXX_FEATURE:0cxx_reference_qualified_functions
    Feature record: CXX_FEATURE:0cxx_relaxed_constexpr
    Feature record: CXX_FEATURE:0cxx_return_type_deduction
    Feature record: CXX_FEATURE:0cxx_right_angle_brackets
    Feature record: CXX_FEATURE:0cxx_rvalue_references
    Feature record: CXX_FEATURE:0cxx_sizeof_member
    Feature record: CXX_FEATURE:0cxx_static_assert
    Feature record: CXX_FEATURE:0cxx_strong_enums
    Feature record: CXX_FEATURE:1cxx_template_template_parameters
    Feature record: CXX_FEATURE:0cxx_thread_local
    Feature record: CXX_FEATURE:0cxx_trailing_return_types
    Feature record: CXX_FEATURE:0cxx_unicode_literals
    Feature record: CXX_FEATURE:0cxx_uniform_initialization
    Feature record: CXX_FEATURE:0cxx_unrestricted_unions
    Feature record: CXX_FEATURE:0cxx_user_literals
    Feature record: CXX_FEATURE:0cxx_variable_templates
    Feature record: CXX_FEATURE:0cxx_variadic_macros
    Feature record: CXX_FEATURE:0cxx_variadic_templates
Determining if the include file stdarg.h exists passed with the following output:
Change Dir: /Users/Bruno/OpenVSP-python3/OpenVSP/buildlibs/STEPCODE-prefix/src/STEPCODE-build/CMakeFiles/CMakeTmp

Run Build Command:"/usr/local/bin/gmake" "cmTC_8d0d3/fast"
gmake[3]: Entering directory '/Users/Bruno/OpenVSP-python3/OpenVSP/buildlibs/STEPCODE-prefix/src/STEPCODE-build/CMakeFiles/CMakeTmp'
/usr/local/bin/gmake -f CMakeFiles/cmTC_8d0d3.dir/build.make CMakeFiles/cmTC_8d0d3.dir/build
gmake[4]: Entering directory '/Users/Bruno/OpenVSP-python3/OpenVSP/buildlibs/STEPCODE-prefix/src/STEPCODE-build/CMakeFiles/CMakeTmp'
Building C object CMakeFiles/cmTC_8d0d3.dir/CheckIncludeFile.c.o
/Applications/Xcode.app/Contents/Developer/Toolchains/XcodeDefault.xctoolchain/usr/bin/cc   -fPIC    -o CMakeFiles/cmTC_8d0d3.dir/CheckIncludeFile.c.o   -c /Users/Bruno/OpenVSP-python3/OpenVSP/buildlibs/STEPCODE-prefix/src/STEPCODE-build/CMakeFiles/CMakeTmp/CheckIncludeFile.c
Linking C executable cmTC_8d0d3
/Applications/CMake.app/Contents/bin/cmake -E cmake_link_script CMakeFiles/cmTC_8d0d3.dir/link.txt --verbose=1
/Applications/Xcode.app/Contents/Developer/Toolchains/XcodeDefault.xctoolchain/usr/bin/cc  -fPIC  -Wl,-search_paths_first -Wl,-headerpad_max_install_names   CMakeFiles/cmTC_8d0d3.dir/CheckIncludeFile.c.o  -o cmTC_8d0d3 
gmake[4]: Leaving directory '/Users/Bruno/OpenVSP-python3/OpenVSP/buildlibs/STEPCODE-prefix/src/STEPCODE-build/CMakeFiles/CMakeTmp'
gmake[3]: Leaving directory '/Users/Bruno/OpenVSP-python3/OpenVSP/buildlibs/STEPCODE-prefix/src/STEPCODE-build/CMakeFiles/CMakeTmp'


Determining if the include file sys/stat.h exists passed with the following output:
Change Dir: /Users/Bruno/OpenVSP-python3/OpenVSP/buildlibs/STEPCODE-prefix/src/STEPCODE-build/CMakeFiles/CMakeTmp

Run Build Command:"/usr/local/bin/gmake" "cmTC_0e105/fast"
gmake[3]: Entering directory '/Users/Bruno/OpenVSP-python3/OpenVSP/buildlibs/STEPCODE-prefix/src/STEPCODE-build/CMakeFiles/CMakeTmp'
/usr/local/bin/gmake -f CMakeFiles/cmTC_0e105.dir/build.make CMakeFiles/cmTC_0e105.dir/build
gmake[4]: Entering directory '/Users/Bruno/OpenVSP-python3/OpenVSP/buildlibs/STEPCODE-prefix/src/STEPCODE-build/CMakeFiles/CMakeTmp'
Building C object CMakeFiles/cmTC_0e105.dir/CheckIncludeFile.c.o
/Applications/Xcode.app/Contents/Developer/Toolchains/XcodeDefault.xctoolchain/usr/bin/cc   -fPIC    -o CMakeFiles/cmTC_0e105.dir/CheckIncludeFile.c.o   -c /Users/Bruno/OpenVSP-python3/OpenVSP/buildlibs/STEPCODE-prefix/src/STEPCODE-build/CMakeFiles/CMakeTmp/CheckIncludeFile.c
Linking C executable cmTC_0e105
/Applications/CMake.app/Contents/bin/cmake -E cmake_link_script CMakeFiles/cmTC_0e105.dir/link.txt --verbose=1
/Applications/Xcode.app/Contents/Developer/Toolchains/XcodeDefault.xctoolchain/usr/bin/cc  -fPIC  -Wl,-search_paths_first -Wl,-headerpad_max_install_names   CMakeFiles/cmTC_0e105.dir/CheckIncludeFile.c.o  -o cmTC_0e105 
gmake[4]: Leaving directory '/Users/Bruno/OpenVSP-python3/OpenVSP/buildlibs/STEPCODE-prefix/src/STEPCODE-build/CMakeFiles/CMakeTmp'
gmake[3]: Leaving directory '/Users/Bruno/OpenVSP-python3/OpenVSP/buildlibs/STEPCODE-prefix/src/STEPCODE-build/CMakeFiles/CMakeTmp'


Determining if the include file sys/param.h exists passed with the following output:
Change Dir: /Users/Bruno/OpenVSP-python3/OpenVSP/buildlibs/STEPCODE-prefix/src/STEPCODE-build/CMakeFiles/CMakeTmp

Run Build Command:"/usr/local/bin/gmake" "cmTC_894c6/fast"
gmake[3]: Entering directory '/Users/Bruno/OpenVSP-python3/OpenVSP/buildlibs/STEPCODE-prefix/src/STEPCODE-build/CMakeFiles/CMakeTmp'
/usr/local/bin/gmake -f CMakeFiles/cmTC_894c6.dir/build.make CMakeFiles/cmTC_894c6.dir/build
gmake[4]: Entering directory '/Users/Bruno/OpenVSP-python3/OpenVSP/buildlibs/STEPCODE-prefix/src/STEPCODE-build/CMakeFiles/CMakeTmp'
Building C object CMakeFiles/cmTC_894c6.dir/CheckIncludeFile.c.o
/Applications/Xcode.app/Contents/Developer/Toolchains/XcodeDefault.xctoolchain/usr/bin/cc   -fPIC    -o CMakeFiles/cmTC_894c6.dir/CheckIncludeFile.c.o   -c /Users/Bruno/OpenVSP-python3/OpenVSP/buildlibs/STEPCODE-prefix/src/STEPCODE-build/CMakeFiles/CMakeTmp/CheckIncludeFile.c
Linking C executable cmTC_894c6
/Applications/CMake.app/Contents/bin/cmake -E cmake_link_script CMakeFiles/cmTC_894c6.dir/link.txt --verbose=1
/Applications/Xcode.app/Contents/Developer/Toolchains/XcodeDefault.xctoolchain/usr/bin/cc  -fPIC  -Wl,-search_paths_first -Wl,-headerpad_max_install_names   CMakeFiles/cmTC_894c6.dir/CheckIncludeFile.c.o  -o cmTC_894c6 
gmake[4]: Leaving directory '/Users/Bruno/OpenVSP-python3/OpenVSP/buildlibs/STEPCODE-prefix/src/STEPCODE-build/CMakeFiles/CMakeTmp'
gmake[3]: Leaving directory '/Users/Bruno/OpenVSP-python3/OpenVSP/buildlibs/STEPCODE-prefix/src/STEPCODE-build/CMakeFiles/CMakeTmp'


Determining if the include file unistd.h exists passed with the following output:
Change Dir: /Users/Bruno/OpenVSP-python3/OpenVSP/buildlibs/STEPCODE-prefix/src/STEPCODE-build/CMakeFiles/CMakeTmp

Run Build Command:"/usr/local/bin/gmake" "cmTC_c1416/fast"
gmake[3]: Entering directory '/Users/Bruno/OpenVSP-python3/OpenVSP/buildlibs/STEPCODE-prefix/src/STEPCODE-build/CMakeFiles/CMakeTmp'
/usr/local/bin/gmake -f CMakeFiles/cmTC_c1416.dir/build.make CMakeFiles/cmTC_c1416.dir/build
gmake[4]: Entering directory '/Users/Bruno/OpenVSP-python3/OpenVSP/buildlibs/STEPCODE-prefix/src/STEPCODE-build/CMakeFiles/CMakeTmp'
Building C object CMakeFiles/cmTC_c1416.dir/CheckIncludeFile.c.o
/Applications/Xcode.app/Contents/Developer/Toolchains/XcodeDefault.xctoolchain/usr/bin/cc   -fPIC    -o CMakeFiles/cmTC_c1416.dir/CheckIncludeFile.c.o   -c /Users/Bruno/OpenVSP-python3/OpenVSP/buildlibs/STEPCODE-prefix/src/STEPCODE-build/CMakeFiles/CMakeTmp/CheckIncludeFile.c
Linking C executable cmTC_c1416
/Applications/CMake.app/Contents/bin/cmake -E cmake_link_script CMakeFiles/cmTC_c1416.dir/link.txt --verbose=1
/Applications/Xcode.app/Contents/Developer/Toolchains/XcodeDefault.xctoolchain/usr/bin/cc  -fPIC  -Wl,-search_paths_first -Wl,-headerpad_max_install_names   CMakeFiles/cmTC_c1416.dir/CheckIncludeFile.c.o  -o cmTC_c1416 
gmake[4]: Leaving directory '/Users/Bruno/OpenVSP-python3/OpenVSP/buildlibs/STEPCODE-prefix/src/STEPCODE-build/CMakeFiles/CMakeTmp'
gmake[3]: Leaving directory '/Users/Bruno/OpenVSP-python3/OpenVSP/buildlibs/STEPCODE-prefix/src/STEPCODE-build/CMakeFiles/CMakeTmp'


Determining if the include file dirent.h exists passed with the following output:
Change Dir: /Users/Bruno/OpenVSP-python3/OpenVSP/buildlibs/STEPCODE-prefix/src/STEPCODE-build/CMakeFiles/CMakeTmp

Run Build Command:"/usr/local/bin/gmake" "cmTC_69e57/fast"
gmake[3]: Entering directory '/Users/Bruno/OpenVSP-python3/OpenVSP/buildlibs/STEPCODE-prefix/src/STEPCODE-build/CMakeFiles/CMakeTmp'
/usr/local/bin/gmake -f CMakeFiles/cmTC_69e57.dir/build.make CMakeFiles/cmTC_69e57.dir/build
gmake[4]: Entering directory '/Users/Bruno/OpenVSP-python3/OpenVSP/buildlibs/STEPCODE-prefix/src/STEPCODE-build/CMakeFiles/CMakeTmp'
Building C object CMakeFiles/cmTC_69e57.dir/CheckIncludeFile.c.o
/Applications/Xcode.app/Contents/Developer/Toolchains/XcodeDefault.xctoolchain/usr/bin/cc   -fPIC    -o CMakeFiles/cmTC_69e57.dir/CheckIncludeFile.c.o   -c /Users/Bruno/OpenVSP-python3/OpenVSP/buildlibs/STEPCODE-prefix/src/STEPCODE-build/CMakeFiles/CMakeTmp/CheckIncludeFile.c
Linking C executable cmTC_69e57
/Applications/CMake.app/Contents/bin/cmake -E cmake_link_script CMakeFiles/cmTC_69e57.dir/link.txt --verbose=1
/Applications/Xcode.app/Contents/Developer/Toolchains/XcodeDefault.xctoolchain/usr/bin/cc  -fPIC  -Wl,-search_paths_first -Wl,-headerpad_max_install_names   CMakeFiles/cmTC_69e57.dir/CheckIncludeFile.c.o  -o cmTC_69e57 
gmake[4]: Leaving directory '/Users/Bruno/OpenVSP-python3/OpenVSP/buildlibs/STEPCODE-prefix/src/STEPCODE-build/CMakeFiles/CMakeTmp'
gmake[3]: Leaving directory '/Users/Bruno/OpenVSP-python3/OpenVSP/buildlibs/STEPCODE-prefix/src/STEPCODE-build/CMakeFiles/CMakeTmp'


Determining if the include file stdbool.h exists passed with the following output:
Change Dir: /Users/Bruno/OpenVSP-python3/OpenVSP/buildlibs/STEPCODE-prefix/src/STEPCODE-build/CMakeFiles/CMakeTmp

Run Build Command:"/usr/local/bin/gmake" "cmTC_cb031/fast"
gmake[3]: Entering directory '/Users/Bruno/OpenVSP-python3/OpenVSP/buildlibs/STEPCODE-prefix/src/STEPCODE-build/CMakeFiles/CMakeTmp'
/usr/local/bin/gmake -f CMakeFiles/cmTC_cb031.dir/build.make CMakeFiles/cmTC_cb031.dir/build
gmake[4]: Entering directory '/Users/Bruno/OpenVSP-python3/OpenVSP/buildlibs/STEPCODE-prefix/src/STEPCODE-build/CMakeFiles/CMakeTmp'
Building C object CMakeFiles/cmTC_cb031.dir/CheckIncludeFile.c.o
/Applications/Xcode.app/Contents/Developer/Toolchains/XcodeDefault.xctoolchain/usr/bin/cc   -fPIC    -o CMakeFiles/cmTC_cb031.dir/CheckIncludeFile.c.o   -c /Users/Bruno/OpenVSP-python3/OpenVSP/buildlibs/STEPCODE-prefix/src/STEPCODE-build/CMakeFiles/CMakeTmp/CheckIncludeFile.c
Linking C executable cmTC_cb031
/Applications/CMake.app/Contents/bin/cmake -E cmake_link_script CMakeFiles/cmTC_cb031.dir/link.txt --verbose=1
/Applications/Xcode.app/Contents/Developer/Toolchains/XcodeDefault.xctoolchain/usr/bin/cc  -fPIC  -Wl,-search_paths_first -Wl,-headerpad_max_install_names   CMakeFiles/cmTC_cb031.dir/CheckIncludeFile.c.o  -o cmTC_cb031 
gmake[4]: Leaving directory '/Users/Bruno/OpenVSP-python3/OpenVSP/buildlibs/STEPCODE-prefix/src/STEPCODE-build/CMakeFiles/CMakeTmp'
gmake[3]: Leaving directory '/Users/Bruno/OpenVSP-python3/OpenVSP/buildlibs/STEPCODE-prefix/src/STEPCODE-build/CMakeFiles/CMakeTmp'


Determining if the function abs exists passed with the following output:
Change Dir: /Users/Bruno/OpenVSP-python3/OpenVSP/buildlibs/STEPCODE-prefix/src/STEPCODE-build/CMakeFiles/CMakeTmp

Run Build Command:"/usr/local/bin/gmake" "cmTC_79019/fast"
gmake[3]: Entering directory '/Users/Bruno/OpenVSP-python3/OpenVSP/buildlibs/STEPCODE-prefix/src/STEPCODE-build/CMakeFiles/CMakeTmp'
/usr/local/bin/gmake -f CMakeFiles/cmTC_79019.dir/build.make CMakeFiles/cmTC_79019.dir/build
gmake[4]: Entering directory '/Users/Bruno/OpenVSP-python3/OpenVSP/buildlibs/STEPCODE-prefix/src/STEPCODE-build/CMakeFiles/CMakeTmp'
Building C object CMakeFiles/cmTC_79019.dir/CheckFunctionExists.c.o
/Applications/Xcode.app/Contents/Developer/Toolchains/XcodeDefault.xctoolchain/usr/bin/cc   -fPIC -DCHECK_FUNCTION_EXISTS=abs   -o CMakeFiles/cmTC_79019.dir/CheckFunctionExists.c.o   -c /Applications/CMake.app/Contents/share/cmake-3.9/Modules/CheckFunctionExists.c
/Applications/CMake.app/Contents/share/cmake-3.9/Modules/CheckFunctionExists.c:7:3: warning: incompatible redeclaration of library function 'abs' [-Wincompatible-library-redeclaration]
  CHECK_FUNCTION_EXISTS(void);
  ^
<command line>:1:31: note: expanded from here
#define CHECK_FUNCTION_EXISTS abs
                              ^
/Applications/CMake.app/Contents/share/cmake-3.9/Modules/CheckFunctionExists.c:7:3: note: 'abs' is a builtin with type 'int (int)'
<command line>:1:31: note: expanded from here
#define CHECK_FUNCTION_EXISTS abs
                              ^
1 warning generated.
Linking C executable cmTC_79019
/Applications/CMake.app/Contents/bin/cmake -E cmake_link_script CMakeFiles/cmTC_79019.dir/link.txt --verbose=1
/Applications/Xcode.app/Contents/Developer/Toolchains/XcodeDefault.xctoolchain/usr/bin/cc  -fPIC -DCHECK_FUNCTION_EXISTS=abs -Wl,-search_paths_first -Wl,-headerpad_max_install_names   CMakeFiles/cmTC_79019.dir/CheckFunctionExists.c.o  -o cmTC_79019 
gmake[4]: Leaving directory '/Users/Bruno/OpenVSP-python3/OpenVSP/buildlibs/STEPCODE-prefix/src/STEPCODE-build/CMakeFiles/CMakeTmp'
gmake[3]: Leaving directory '/Users/Bruno/OpenVSP-python3/OpenVSP/buildlibs/STEPCODE-prefix/src/STEPCODE-build/CMakeFiles/CMakeTmp'


Determining if the function memcpy exists passed with the following output:
Change Dir: /Users/Bruno/OpenVSP-python3/OpenVSP/buildlibs/STEPCODE-prefix/src/STEPCODE-build/CMakeFiles/CMakeTmp

Run Build Command:"/usr/local/bin/gmake" "cmTC_c187e/fast"
gmake[3]: Entering directory '/Users/Bruno/OpenVSP-python3/OpenVSP/buildlibs/STEPCODE-prefix/src/STEPCODE-build/CMakeFiles/CMakeTmp'
/usr/local/bin/gmake -f CMakeFiles/cmTC_c187e.dir/build.make CMakeFiles/cmTC_c187e.dir/build
gmake[4]: Entering directory '/Users/Bruno/OpenVSP-python3/OpenVSP/buildlibs/STEPCODE-prefix/src/STEPCODE-build/CMakeFiles/CMakeTmp'
Building C object CMakeFiles/cmTC_c187e.dir/CheckFunctionExists.c.o
/Applications/Xcode.app/Contents/Developer/Toolchains/XcodeDefault.xctoolchain/usr/bin/cc   -fPIC -DCHECK_FUNCTION_EXISTS=memcpy   -o CMakeFiles/cmTC_c187e.dir/CheckFunctionExists.c.o   -c /Applications/CMake.app/Contents/share/cmake-3.9/Modules/CheckFunctionExists.c
/Applications/CMake.app/Contents/share/cmake-3.9/Modules/CheckFunctionExists.c:7:3: warning: incompatible redeclaration of library function 'memcpy' [-Wincompatible-library-redeclaration]
  CHECK_FUNCTION_EXISTS(void);
  ^
<command line>:1:31: note: expanded from here
#define CHECK_FUNCTION_EXISTS memcpy
                              ^
/Applications/CMake.app/Contents/share/cmake-3.9/Modules/CheckFunctionExists.c:7:3: note: 'memcpy' is a builtin with type 'void *(void *, const void *, unsigned long)'
<command line>:1:31: note: expanded from here
#define CHECK_FUNCTION_EXISTS memcpy
                              ^
1 warning generated.
Linking C executable cmTC_c187e
/Applications/CMake.app/Contents/bin/cmake -E cmake_link_script CMakeFiles/cmTC_c187e.dir/link.txt --verbose=1
/Applications/Xcode.app/Contents/Developer/Toolchains/XcodeDefault.xctoolchain/usr/bin/cc  -fPIC -DCHECK_FUNCTION_EXISTS=memcpy -Wl,-search_paths_first -Wl,-headerpad_max_install_names   CMakeFiles/cmTC_c187e.dir/CheckFunctionExists.c.o  -o cmTC_c187e 
gmake[4]: Leaving directory '/Users/Bruno/OpenVSP-python3/OpenVSP/buildlibs/STEPCODE-prefix/src/STEPCODE-build/CMakeFiles/CMakeTmp'
gmake[3]: Leaving directory '/Users/Bruno/OpenVSP-python3/OpenVSP/buildlibs/STEPCODE-prefix/src/STEPCODE-build/CMakeFiles/CMakeTmp'


Determining if the function memmove exists passed with the following output:
Change Dir: /Users/Bruno/OpenVSP-python3/OpenVSP/buildlibs/STEPCODE-prefix/src/STEPCODE-build/CMakeFiles/CMakeTmp

Run Build Command:"/usr/local/bin/gmake" "cmTC_242db/fast"
gmake[3]: Entering directory '/Users/Bruno/OpenVSP-python3/OpenVSP/buildlibs/STEPCODE-prefix/src/STEPCODE-build/CMakeFiles/CMakeTmp'
/usr/local/bin/gmake -f CMakeFiles/cmTC_242db.dir/build.make CMakeFiles/cmTC_242db.dir/build
gmake[4]: Entering directory '/Users/Bruno/OpenVSP-python3/OpenVSP/buildlibs/STEPCODE-prefix/src/STEPCODE-build/CMakeFiles/CMakeTmp'
Building C object CMakeFiles/cmTC_242db.dir/CheckFunctionExists.c.o
/Applications/Xcode.app/Contents/Developer/Toolchains/XcodeDefault.xctoolchain/usr/bin/cc   -fPIC -DCHECK_FUNCTION_EXISTS=memmove   -o CMakeFiles/cmTC_242db.dir/CheckFunctionExists.c.o   -c /Applications/CMake.app/Contents/share/cmake-3.9/Modules/CheckFunctionExists.c
/Applications/CMake.app/Contents/share/cmake-3.9/Modules/CheckFunctionExists.c:7:3: warning: incompatible redeclaration of library function 'memmove' [-Wincompatible-library-redeclaration]
  CHECK_FUNCTION_EXISTS(void);
  ^
<command line>:1:31: note: expanded from here
#define CHECK_FUNCTION_EXISTS memmove
                              ^
/Applications/CMake.app/Contents/share/cmake-3.9/Modules/CheckFunctionExists.c:7:3: note: 'memmove' is a builtin with type 'void *(void *, const void *, unsigned long)'
<command line>:1:31: note: expanded from here
#define CHECK_FUNCTION_EXISTS memmove
                              ^
1 warning generated.
Linking C executable cmTC_242db
/Applications/CMake.app/Contents/bin/cmake -E cmake_link_script CMakeFiles/cmTC_242db.dir/link.txt --verbose=1
/Applications/Xcode.app/Contents/Developer/Toolchains/XcodeDefault.xctoolchain/usr/bin/cc  -fPIC -DCHECK_FUNCTION_EXISTS=memmove -Wl,-search_paths_first -Wl,-headerpad_max_install_names   CMakeFiles/cmTC_242db.dir/CheckFunctionExists.c.o  -o cmTC_242db 
gmake[4]: Leaving directory '/Users/Bruno/OpenVSP-python3/OpenVSP/buildlibs/STEPCODE-prefix/src/STEPCODE-build/CMakeFiles/CMakeTmp'
gmake[3]: Leaving directory '/Users/Bruno/OpenVSP-python3/OpenVSP/buildlibs/STEPCODE-prefix/src/STEPCODE-build/CMakeFiles/CMakeTmp'


Determining if the function getopt exists passed with the following output:
Change Dir: /Users/Bruno/OpenVSP-python3/OpenVSP/buildlibs/STEPCODE-prefix/src/STEPCODE-build/CMakeFiles/CMakeTmp

Run Build Command:"/usr/local/bin/gmake" "cmTC_24bfc/fast"
gmake[3]: Entering directory '/Users/Bruno/OpenVSP-python3/OpenVSP/buildlibs/STEPCODE-prefix/src/STEPCODE-build/CMakeFiles/CMakeTmp'
/usr/local/bin/gmake -f CMakeFiles/cmTC_24bfc.dir/build.make CMakeFiles/cmTC_24bfc.dir/build
gmake[4]: Entering directory '/Users/Bruno/OpenVSP-python3/OpenVSP/buildlibs/STEPCODE-prefix/src/STEPCODE-build/CMakeFiles/CMakeTmp'
Building C object CMakeFiles/cmTC_24bfc.dir/CheckFunctionExists.c.o
/Applications/Xcode.app/Contents/Developer/Toolchains/XcodeDefault.xctoolchain/usr/bin/cc   -fPIC -DCHECK_FUNCTION_EXISTS=getopt   -o CMakeFiles/cmTC_24bfc.dir/CheckFunctionExists.c.o   -c /Applications/CMake.app/Contents/share/cmake-3.9/Modules/CheckFunctionExists.c
Linking C executable cmTC_24bfc
/Applications/CMake.app/Contents/bin/cmake -E cmake_link_script CMakeFiles/cmTC_24bfc.dir/link.txt --verbose=1
/Applications/Xcode.app/Contents/Developer/Toolchains/XcodeDefault.xctoolchain/usr/bin/cc  -fPIC -DCHECK_FUNCTION_EXISTS=getopt -Wl,-search_paths_first -Wl,-headerpad_max_install_names   CMakeFiles/cmTC_24bfc.dir/CheckFunctionExists.c.o  -o cmTC_24bfc 
gmake[4]: Leaving directory '/Users/Bruno/OpenVSP-python3/OpenVSP/buildlibs/STEPCODE-prefix/src/STEPCODE-build/CMakeFiles/CMakeTmp'
gmake[3]: Leaving directory '/Users/Bruno/OpenVSP-python3/OpenVSP/buildlibs/STEPCODE-prefix/src/STEPCODE-build/CMakeFiles/CMakeTmp'


Determining if the include file sys/types.h exists passed with the following output:
Change Dir: /Users/Bruno/OpenVSP-python3/OpenVSP/buildlibs/STEPCODE-prefix/src/STEPCODE-build/CMakeFiles/CMakeTmp

Run Build Command:"/usr/local/bin/gmake" "cmTC_b16a2/fast"
gmake[3]: Entering directory '/Users/Bruno/OpenVSP-python3/OpenVSP/buildlibs/STEPCODE-prefix/src/STEPCODE-build/CMakeFiles/CMakeTmp'
/usr/local/bin/gmake -f CMakeFiles/cmTC_b16a2.dir/build.make CMakeFiles/cmTC_b16a2.dir/build
gmake[4]: Entering directory '/Users/Bruno/OpenVSP-python3/OpenVSP/buildlibs/STEPCODE-prefix/src/STEPCODE-build/CMakeFiles/CMakeTmp'
Building C object CMakeFiles/cmTC_b16a2.dir/CheckIncludeFile.c.o
/Applications/Xcode.app/Contents/Developer/Toolchains/XcodeDefault.xctoolchain/usr/bin/cc   -fPIC    -o CMakeFiles/cmTC_b16a2.dir/CheckIncludeFile.c.o   -c /Users/Bruno/OpenVSP-python3/OpenVSP/buildlibs/STEPCODE-prefix/src/STEPCODE-build/CMakeFiles/CMakeTmp/CheckIncludeFile.c
Linking C executable cmTC_b16a2
/Applications/CMake.app/Contents/bin/cmake -E cmake_link_script CMakeFiles/cmTC_b16a2.dir/link.txt --verbose=1
/Applications/Xcode.app/Contents/Developer/Toolchains/XcodeDefault.xctoolchain/usr/bin/cc  -fPIC  -Wl,-search_paths_first -Wl,-headerpad_max_install_names   CMakeFiles/cmTC_b16a2.dir/CheckIncludeFile.c.o  -o cmTC_b16a2 
gmake[4]: Leaving directory '/Users/Bruno/OpenVSP-python3/OpenVSP/buildlibs/STEPCODE-prefix/src/STEPCODE-build/CMakeFiles/CMakeTmp'
gmake[3]: Leaving directory '/Users/Bruno/OpenVSP-python3/OpenVSP/buildlibs/STEPCODE-prefix/src/STEPCODE-build/CMakeFiles/CMakeTmp'


Determining if the include file stdint.h exists passed with the following output:
Change Dir: /Users/Bruno/OpenVSP-python3/OpenVSP/buildlibs/STEPCODE-prefix/src/STEPCODE-build/CMakeFiles/CMakeTmp

Run Build Command:"/usr/local/bin/gmake" "cmTC_6825a/fast"
gmake[3]: Entering directory '/Users/Bruno/OpenVSP-python3/OpenVSP/buildlibs/STEPCODE-prefix/src/STEPCODE-build/CMakeFiles/CMakeTmp'
/usr/local/bin/gmake -f CMakeFiles/cmTC_6825a.dir/build.make CMakeFiles/cmTC_6825a.dir/build
gmake[4]: Entering directory '/Users/Bruno/OpenVSP-python3/OpenVSP/buildlibs/STEPCODE-prefix/src/STEPCODE-build/CMakeFiles/CMakeTmp'
Building C object CMakeFiles/cmTC_6825a.dir/CheckIncludeFile.c.o
/Applications/Xcode.app/Contents/Developer/Toolchains/XcodeDefault.xctoolchain/usr/bin/cc   -fPIC    -o CMakeFiles/cmTC_6825a.dir/CheckIncludeFile.c.o   -c /Users/Bruno/OpenVSP-python3/OpenVSP/buildlibs/STEPCODE-prefix/src/STEPCODE-build/CMakeFiles/CMakeTmp/CheckIncludeFile.c
Linking C executable cmTC_6825a
/Applications/CMake.app/Contents/bin/cmake -E cmake_link_script CMakeFiles/cmTC_6825a.dir/link.txt --verbose=1
/Applications/Xcode.app/Contents/Developer/Toolchains/XcodeDefault.xctoolchain/usr/bin/cc  -fPIC  -Wl,-search_paths_first -Wl,-headerpad_max_install_names   CMakeFiles/cmTC_6825a.dir/CheckIncludeFile.c.o  -o cmTC_6825a 
gmake[4]: Leaving directory '/Users/Bruno/OpenVSP-python3/OpenVSP/buildlibs/STEPCODE-prefix/src/STEPCODE-build/CMakeFiles/CMakeTmp'
gmake[3]: Leaving directory '/Users/Bruno/OpenVSP-python3/OpenVSP/buildlibs/STEPCODE-prefix/src/STEPCODE-build/CMakeFiles/CMakeTmp'


Determining if the include file stddef.h exists passed with the following output:
Change Dir: /Users/Bruno/OpenVSP-python3/OpenVSP/buildlibs/STEPCODE-prefix/src/STEPCODE-build/CMakeFiles/CMakeTmp

Run Build Command:"/usr/local/bin/gmake" "cmTC_11360/fast"
gmake[3]: Entering directory '/Users/Bruno/OpenVSP-python3/OpenVSP/buildlibs/STEPCODE-prefix/src/STEPCODE-build/CMakeFiles/CMakeTmp'
/usr/local/bin/gmake -f CMakeFiles/cmTC_11360.dir/build.make CMakeFiles/cmTC_11360.dir/build
gmake[4]: Entering directory '/Users/Bruno/OpenVSP-python3/OpenVSP/buildlibs/STEPCODE-prefix/src/STEPCODE-build/CMakeFiles/CMakeTmp'
Building C object CMakeFiles/cmTC_11360.dir/CheckIncludeFile.c.o
/Applications/Xcode.app/Contents/Developer/Toolchains/XcodeDefault.xctoolchain/usr/bin/cc   -fPIC    -o CMakeFiles/cmTC_11360.dir/CheckIncludeFile.c.o   -c /Users/Bruno/OpenVSP-python3/OpenVSP/buildlibs/STEPCODE-prefix/src/STEPCODE-build/CMakeFiles/CMakeTmp/CheckIncludeFile.c
Linking C executable cmTC_11360
/Applications/CMake.app/Contents/bin/cmake -E cmake_link_script CMakeFiles/cmTC_11360.dir/link.txt --verbose=1
/Applications/Xcode.app/Contents/Developer/Toolchains/XcodeDefault.xctoolchain/usr/bin/cc  -fPIC  -Wl,-search_paths_first -Wl,-headerpad_max_install_names   CMakeFiles/cmTC_11360.dir/CheckIncludeFile.c.o  -o cmTC_11360 
gmake[4]: Leaving directory '/Users/Bruno/OpenVSP-python3/OpenVSP/buildlibs/STEPCODE-prefix/src/STEPCODE-build/CMakeFiles/CMakeTmp'
gmake[3]: Leaving directory '/Users/Bruno/OpenVSP-python3/OpenVSP/buildlibs/STEPCODE-prefix/src/STEPCODE-build/CMakeFiles/CMakeTmp'


Determining size of ssize_t passed with the following output:
Change Dir: /Users/Bruno/OpenVSP-python3/OpenVSP/buildlibs/STEPCODE-prefix/src/STEPCODE-build/CMakeFiles/CMakeTmp

Run Build Command:"/usr/local/bin/gmake" "cmTC_118f2/fast"
gmake[3]: Entering directory '/Users/Bruno/OpenVSP-python3/OpenVSP/buildlibs/STEPCODE-prefix/src/STEPCODE-build/CMakeFiles/CMakeTmp'
/usr/local/bin/gmake -f CMakeFiles/cmTC_118f2.dir/build.make CMakeFiles/cmTC_118f2.dir/build
gmake[4]: Entering directory '/Users/Bruno/OpenVSP-python3/OpenVSP/buildlibs/STEPCODE-prefix/src/STEPCODE-build/CMakeFiles/CMakeTmp'
Building C object CMakeFiles/cmTC_118f2.dir/SSIZE_T.c.o
/Applications/Xcode.app/Contents/Developer/Toolchains/XcodeDefault.xctoolchain/usr/bin/cc   -fPIC    -o CMakeFiles/cmTC_118f2.dir/SSIZE_T.c.o   -c /Users/Bruno/OpenVSP-python3/OpenVSP/buildlibs/STEPCODE-prefix/src/STEPCODE-build/CMakeFiles/CheckTypeSize/SSIZE_T.c
Linking C executable cmTC_118f2
/Applications/CMake.app/Contents/bin/cmake -E cmake_link_script CMakeFiles/cmTC_118f2.dir/link.txt --verbose=1
/Applications/Xcode.app/Contents/Developer/Toolchains/XcodeDefault.xctoolchain/usr/bin/cc  -fPIC  -Wl,-search_paths_first -Wl,-headerpad_max_install_names   CMakeFiles/cmTC_118f2.dir/SSIZE_T.c.o  -o cmTC_118f2 
gmake[4]: Leaving directory '/Users/Bruno/OpenVSP-python3/OpenVSP/buildlibs/STEPCODE-prefix/src/STEPCODE-build/CMakeFiles/CMakeTmp'
gmake[3]: Leaving directory '/Users/Bruno/OpenVSP-python3/OpenVSP/buildlibs/STEPCODE-prefix/src/STEPCODE-build/CMakeFiles/CMakeTmp'


Performing C++ SOURCE FILE Test HAVE_STD_THREAD succeeded with the following output:
Change Dir: /Users/Bruno/OpenVSP-python3/OpenVSP/buildlibs/STEPCODE-prefix/src/STEPCODE-build/CMakeFiles/CMakeTmp

Run Build Command:"/usr/local/bin/gmake" "cmTC_0f67e/fast"
gmake[3]: Entering directory '/Users/Bruno/OpenVSP-python3/OpenVSP/buildlibs/STEPCODE-prefix/src/STEPCODE-build/CMakeFiles/CMakeTmp'
/usr/local/bin/gmake -f CMakeFiles/cmTC_0f67e.dir/build.make CMakeFiles/cmTC_0f67e.dir/build
gmake[4]: Entering directory '/Users/Bruno/OpenVSP-python3/OpenVSP/buildlibs/STEPCODE-prefix/src/STEPCODE-build/CMakeFiles/CMakeTmp'
Building CXX object CMakeFiles/cmTC_0f67e.dir/src.cxx.o
/Applications/Xcode.app/Contents/Developer/Toolchains/XcodeDefault.xctoolchain/usr/bin/c++    -std=c++11 -stdlib=libc++ -fPIC -DHAVE_STD_THREAD -pthread -std=c++11   -o CMakeFiles/cmTC_0f67e.dir/src.cxx.o -c /Users/Bruno/OpenVSP-python3/OpenVSP/buildlibs/STEPCODE-prefix/src/STEPCODE-build/CMakeFiles/CMakeTmp/src.cxx
Linking CXX executable cmTC_0f67e
/Applications/CMake.app/Contents/bin/cmake -E cmake_link_script CMakeFiles/cmTC_0f67e.dir/link.txt --verbose=1
/Applications/Xcode.app/Contents/Developer/Toolchains/XcodeDefault.xctoolchain/usr/bin/c++   -std=c++11 -stdlib=libc++ -fPIC -DHAVE_STD_THREAD -pthread -std=c++11 -Wl,-search_paths_first -Wl,-headerpad_max_install_names   CMakeFiles/cmTC_0f67e.dir/src.cxx.o  -o cmTC_0f67e 
gmake[4]: Leaving directory '/Users/Bruno/OpenVSP-python3/OpenVSP/buildlibs/STEPCODE-prefix/src/STEPCODE-build/CMakeFiles/CMakeTmp'
gmake[3]: Leaving directory '/Users/Bruno/OpenVSP-python3/OpenVSP/buildlibs/STEPCODE-prefix/src/STEPCODE-build/CMakeFiles/CMakeTmp'

Return value: 1
Source file was:

#include <iostream>
#include <thread>
void do_work() {
        std::cout << "thread" << std::endl;
}
int main() {
        std::thread t(do_work);
        t.join();
}

Performing C++ SOURCE FILE Test HAVE_STD_CHRONO succeeded with the following output:
Change Dir: /Users/Bruno/OpenVSP-python3/OpenVSP/buildlibs/STEPCODE-prefix/src/STEPCODE-build/CMakeFiles/CMakeTmp

Run Build Command:"/usr/local/bin/gmake" "cmTC_b5b61/fast"
gmake[3]: Entering directory '/Users/Bruno/OpenVSP-python3/OpenVSP/buildlibs/STEPCODE-prefix/src/STEPCODE-build/CMakeFiles/CMakeTmp'
/usr/local/bin/gmake -f CMakeFiles/cmTC_b5b61.dir/build.make CMakeFiles/cmTC_b5b61.dir/build
gmake[4]: Entering directory '/Users/Bruno/OpenVSP-python3/OpenVSP/buildlibs/STEPCODE-prefix/src/STEPCODE-build/CMakeFiles/CMakeTmp'
Building CXX object CMakeFiles/cmTC_b5b61.dir/src.cxx.o
/Applications/Xcode.app/Contents/Developer/Toolchains/XcodeDefault.xctoolchain/usr/bin/c++    -std=c++11 -stdlib=libc++ -fPIC -DHAVE_STD_CHRONO -std=c++11   -o CMakeFiles/cmTC_b5b61.dir/src.cxx.o -c /Users/Bruno/OpenVSP-python3/OpenVSP/buildlibs/STEPCODE-prefix/src/STEPCODE-build/CMakeFiles/CMakeTmp/src.cxx
Linking CXX executable cmTC_b5b61
/Applications/CMake.app/Contents/bin/cmake -E cmake_link_script CMakeFiles/cmTC_b5b61.dir/link.txt --verbose=1
/Applications/Xcode.app/Contents/Developer/Toolchains/XcodeDefault.xctoolchain/usr/bin/c++   -std=c++11 -stdlib=libc++ -fPIC -DHAVE_STD_CHRONO -std=c++11 -Wl,-search_paths_first -Wl,-headerpad_max_install_names   CMakeFiles/cmTC_b5b61.dir/src.cxx.o  -o cmTC_b5b61 
gmake[4]: Leaving directory '/Users/Bruno/OpenVSP-python3/OpenVSP/buildlibs/STEPCODE-prefix/src/STEPCODE-build/CMakeFiles/CMakeTmp'
gmake[3]: Leaving directory '/Users/Bruno/OpenVSP-python3/OpenVSP/buildlibs/STEPCODE-prefix/src/STEPCODE-build/CMakeFiles/CMakeTmp'

Return value: 1
Source file was:

#include <iostream>
#include <chrono>
int main() {
    std::chrono::seconds sec(1);
    std::cout << "1s is "<< std::chrono::duration_cast<std::chrono::milliseconds>(sec).count() << " ms" << std::endl;
}

Performing C++ SOURCE FILE Test HAVE_NULLPTR succeeded with the following output:
Change Dir: /Users/Bruno/OpenVSP-python3/OpenVSP/buildlibs/STEPCODE-prefix/src/STEPCODE-build/CMakeFiles/CMakeTmp

Run Build Command:"/usr/local/bin/gmake" "cmTC_3583f/fast"
gmake[3]: Entering directory '/Users/Bruno/OpenVSP-python3/OpenVSP/buildlibs/STEPCODE-prefix/src/STEPCODE-build/CMakeFiles/CMakeTmp'
/usr/local/bin/gmake -f CMakeFiles/cmTC_3583f.dir/build.make CMakeFiles/cmTC_3583f.dir/build
gmake[4]: Entering directory '/Users/Bruno/OpenVSP-python3/OpenVSP/buildlibs/STEPCODE-prefix/src/STEPCODE-build/CMakeFiles/CMakeTmp'
Building CXX object CMakeFiles/cmTC_3583f.dir/src.cxx.o
/Applications/Xcode.app/Contents/Developer/Toolchains/XcodeDefault.xctoolchain/usr/bin/c++    -std=c++11 -stdlib=libc++ -fPIC -DHAVE_NULLPTR -std=c++11   -o CMakeFiles/cmTC_3583f.dir/src.cxx.o -c /Users/Bruno/OpenVSP-python3/OpenVSP/buildlibs/STEPCODE-prefix/src/STEPCODE-build/CMakeFiles/CMakeTmp/src.cxx
Linking CXX executable cmTC_3583f
/Applications/CMake.app/Contents/bin/cmake -E cmake_link_script CMakeFiles/cmTC_3583f.dir/link.txt --verbose=1
/Applications/Xcode.app/Contents/Developer/Toolchains/XcodeDefault.xctoolchain/usr/bin/c++   -std=c++11 -stdlib=libc++ -fPIC -DHAVE_NULLPTR -std=c++11 -Wl,-search_paths_first -Wl,-headerpad_max_install_names   CMakeFiles/cmTC_3583f.dir/src.cxx.o  -o cmTC_3583f 
gmake[4]: Leaving directory '/Users/Bruno/OpenVSP-python3/OpenVSP/buildlibs/STEPCODE-prefix/src/STEPCODE-build/CMakeFiles/CMakeTmp'
gmake[3]: Leaving directory '/Users/Bruno/OpenVSP-python3/OpenVSP/buildlibs/STEPCODE-prefix/src/STEPCODE-build/CMakeFiles/CMakeTmp'

Return value: 1
Source file was:

#include <cstddef>
std::nullptr_t f() {return nullptr;}
int main() {return !!f();}

